<?xml version="1.0" encoding="UTF-8"?>
<testng-results skipped="0" failed="0" total="1" passed="1">
  <reporter-output>
  </reporter-output>
  <suite name="Default suite" duration-ms="2520" started-at="2020-01-08T11:26:30Z" finished-at="2020-01-08T11:26:32Z">
    <groups>
    </groups>
    <test name="Default test" duration-ms="2520" started-at="2020-01-08T11:26:30Z" finished-at="2020-01-08T11:26:32Z">
      <class name="API_Task_1.get_AllDogsBreeds">
        <test-method status="PASS" signature="init2()[pri:0, instance:API_Task_1.get_AllDogsBreeds@2353b3e6]" name="init2" is-config="true" duration-ms="296" started-at="2020-01-08T13:26:30Z" finished-at="2020-01-08T13:26:30Z">
          <reporter-output>
          </reporter-output>
        </test-method> <!-- init2 -->
        <test-method status="PASS" signature="getAllDogBreed_Diagram_1()[pri:0, instance:API_Task_1.get_AllDogsBreeds@2353b3e6]" name="getAllDogBreed_Diagram_1" duration-ms="2215" started-at="2020-01-08T13:26:30Z" finished-at="2020-01-08T13:26:32Z">
          <reporter-output>
          </reporter-output>
        </test-method> <!-- getAllDogBreed_Diagram_1 -->
      </class> <!-- API_Task_1.get_AllDogsBreeds -->
    </test> <!-- Default test -->
  </suite> <!-- Default suite -->
</testng-results>
