<?xml version="1.0" encoding="UTF-8"?>
<testng-results skipped="0" failed="0" total="1" passed="1">
  <reporter-output>
  </reporter-output>
  <suite name="Default suite" duration-ms="24121" started-at="2020-01-09T06:47:00Z" finished-at="2020-01-09T06:47:24Z">
    <groups>
    </groups>
    <test name="Default test" duration-ms="24121" started-at="2020-01-09T06:47:00Z" finished-at="2020-01-09T06:47:24Z">
      <class name="Web_Task2.web_Test">
        <test-method status="PASS" signature="initiateTestSetUp()[pri:0, instance:Web_Task2.web_Test@60285225]" name="initiateTestSetUp" is-config="true" duration-ms="21809" started-at="2020-01-09T08:47:00Z" finished-at="2020-01-09T08:47:22Z">
          <reporter-output>
          </reporter-output>
        </test-method> <!-- initiateTestSetUp -->
        <test-method status="PASS" signature="homePage()[pri:0, instance:Web_Task2.web_Test@60285225]" name="homePage" duration-ms="10" started-at="2020-01-09T08:47:22Z" finished-at="2020-01-09T08:47:22Z">
          <reporter-output>
          </reporter-output>
        </test-method> <!-- homePage -->
        <test-method status="PASS" signature="tearDown()[pri:0, instance:Web_Task2.web_Test@60285225]" name="tearDown" is-config="true" duration-ms="2279" started-at="2020-01-09T08:47:22Z" finished-at="2020-01-09T08:47:24Z">
          <reporter-output>
          </reporter-output>
        </test-method> <!-- tearDown -->
      </class> <!-- Web_Task2.web_Test -->
    </test> <!-- Default test -->
  </suite> <!-- Default suite -->
</testng-results>
