-------------------------------------------------------------------------------
Test set: com.studentapp.utils.CreateStudentDataDriven
-------------------------------------------------------------------------------
Tests run: 90, Failures: 90, Errors: 0, Skipped: 0, Time elapsed: 65.291 s <<< FAILURE! - in com.studentapp.utils.CreateStudentDataDriven
createMultipleStudents[24] on createMultipleStudents[24](com.studentapp.utils.CreateStudentDataDriven)(com.studentapp.utils.CreateStudentDataDriven)  Time elapsed: 0.723 s  <<< FAILURE!
java.net.ConnectException: Connection refused: connect
	at com.studentapp.utils.CreateStudentDataDriven.createMultipleStudents(CreateStudentDataDriven.java:36)

createMultipleStudents[11] on createMultipleStudents[11](com.studentapp.utils.CreateStudentDataDriven)(com.studentapp.utils.CreateStudentDataDriven)  Time elapsed: 3.29 s  <<< FAILURE!
java.net.ConnectException: Connection refused: connect
	at com.studentapp.utils.CreateStudentDataDriven.createMultipleStudents(CreateStudentDataDriven.java:36)

createMultipleStudents[30] on createMultipleStudents[30](com.studentapp.utils.CreateStudentDataDriven)(com.studentapp.utils.CreateStudentDataDriven)  Time elapsed: 3.84 s  <<< FAILURE!
java.net.ConnectException: Connection refused: connect
	at com.studentapp.utils.CreateStudentDataDriven.createMultipleStudents(CreateStudentDataDriven.java:36)

createMultipleStudents[1] on createMultipleStudents[1](com.studentapp.utils.CreateStudentDataDriven)(com.studentapp.utils.CreateStudentDataDriven)  Time elapsed: 6.869 s  <<< FAILURE!
java.net.ConnectException: Connection refused: connect
	at com.studentapp.utils.CreateStudentDataDriven.createMultipleStudents(CreateStudentDataDriven.java:36)

createMultipleStudents[4] on createMultipleStudents[4](com.studentapp.utils.CreateStudentDataDriven)(com.studentapp.utils.CreateStudentDataDriven)  Time elapsed: 7.835 s  <<< FAILURE!
java.net.ConnectException: Connection refused: connect
	at com.studentapp.utils.CreateStudentDataDriven.createMultipleStudents(CreateStudentDataDriven.java:36)

createMultipleStudents[27] on createMultipleStudents[27](com.studentapp.utils.CreateStudentDataDriven)(com.studentapp.utils.CreateStudentDataDriven)  Time elapsed: 7.84 s  <<< FAILURE!
java.net.ConnectException: Connection refused: connect
	at com.studentapp.utils.CreateStudentDataDriven.createMultipleStudents(CreateStudentDataDriven.java:36)

createMultipleStudents[9] on createMultipleStudents[9](com.studentapp.utils.CreateStudentDataDriven)(com.studentapp.utils.CreateStudentDataDriven)  Time elapsed: 7.846 s  <<< FAILURE!
java.net.ConnectException: Connection refused: connect
	at com.studentapp.utils.CreateStudentDataDriven.createMultipleStudents(CreateStudentDataDriven.java:36)

createMultipleStudents[21] on createMultipleStudents[21](com.studentapp.utils.CreateStudentDataDriven)(com.studentapp.utils.CreateStudentDataDriven)  Time elapsed: 7.847 s  <<< FAILURE!
java.net.ConnectException: Connection refused: connect
	at com.studentapp.utils.CreateStudentDataDriven.createMultipleStudents(CreateStudentDataDriven.java:36)

createMultipleStudents[20] on createMultipleStudents[20](com.studentapp.utils.CreateStudentDataDriven)(com.studentapp.utils.CreateStudentDataDriven)  Time elapsed: 8.446 s  <<< FAILURE!
java.net.ConnectException: Connection refused: connect
	at com.studentapp.utils.CreateStudentDataDriven.createMultipleStudents(CreateStudentDataDriven.java:36)

createMultipleStudents[13] on createMultipleStudents[13](com.studentapp.utils.CreateStudentDataDriven)(com.studentapp.utils.CreateStudentDataDriven)  Time elapsed: 8.908 s  <<< FAILURE!
java.net.ConnectException: Connection refused: connect
	at com.studentapp.utils.CreateStudentDataDriven.createMultipleStudents(CreateStudentDataDriven.java:36)

createMultipleStudents[28] on createMultipleStudents[28](com.studentapp.utils.CreateStudentDataDriven)(com.studentapp.utils.CreateStudentDataDriven)  Time elapsed: 8.908 s  <<< FAILURE!
java.net.ConnectException: Connection refused: connect
	at com.studentapp.utils.CreateStudentDataDriven.createMultipleStudents(CreateStudentDataDriven.java:36)

createMultipleStudents[8] on createMultipleStudents[8](com.studentapp.utils.CreateStudentDataDriven)(com.studentapp.utils.CreateStudentDataDriven)  Time elapsed: 0.013 s  <<< FAILURE!
java.net.ConnectException: Connection refused: connect
	at com.studentapp.utils.CreateStudentDataDriven.createMultipleStudents(CreateStudentDataDriven.java:36)

createMultipleStudents[14] on createMultipleStudents[14](com.studentapp.utils.CreateStudentDataDriven)(com.studentapp.utils.CreateStudentDataDriven)  Time elapsed: 0.644 s  <<< FAILURE!
java.net.ConnectException: Connection refused: connect
	at com.studentapp.utils.CreateStudentDataDriven.createMultipleStudents(CreateStudentDataDriven.java:36)

createMultipleStudents[22] on createMultipleStudents[22](com.studentapp.utils.CreateStudentDataDriven)(com.studentapp.utils.CreateStudentDataDriven)  Time elapsed: 1.069 s  <<< FAILURE!
java.net.ConnectException: Connection refused: connect
	at com.studentapp.utils.CreateStudentDataDriven.createMultipleStudents(CreateStudentDataDriven.java:36)

createMultipleStudents[19] on createMultipleStudents[19](com.studentapp.utils.CreateStudentDataDriven)(com.studentapp.utils.CreateStudentDataDriven)  Time elapsed: 1.069 s  <<< FAILURE!
java.net.ConnectException: Connection refused: connect
	at com.studentapp.utils.CreateStudentDataDriven.createMultipleStudents(CreateStudentDataDriven.java:36)

createMultipleStudents[23] on createMultipleStudents[23](com.studentapp.utils.CreateStudentDataDriven)(com.studentapp.utils.CreateStudentDataDriven)  Time elapsed: 1.069 s  <<< FAILURE!
java.net.ConnectException: Connection refused: connect
	at com.studentapp.utils.CreateStudentDataDriven.createMultipleStudents(CreateStudentDataDriven.java:36)

createMultipleStudents[12] on createMultipleStudents[12](com.studentapp.utils.CreateStudentDataDriven)(com.studentapp.utils.CreateStudentDataDriven)  Time elapsed: 1.073 s  <<< FAILURE!
java.net.ConnectException: Connection refused: connect
	at com.studentapp.utils.CreateStudentDataDriven.createMultipleStudents(CreateStudentDataDriven.java:36)

createMultipleStudents[0] on createMultipleStudents[0](com.studentapp.utils.CreateStudentDataDriven)(com.studentapp.utils.CreateStudentDataDriven)  Time elapsed: 1.073 s  <<< FAILURE!
java.net.ConnectException: Connection refused: connect
	at com.studentapp.utils.CreateStudentDataDriven.createMultipleStudents(CreateStudentDataDriven.java:36)

createMultipleStudents[18] on createMultipleStudents[18](com.studentapp.utils.CreateStudentDataDriven)(com.studentapp.utils.CreateStudentDataDriven)  Time elapsed: 1.536 s  <<< FAILURE!
java.net.ConnectException: Connection refused: connect
	at com.studentapp.utils.CreateStudentDataDriven.createMultipleStudents(CreateStudentDataDriven.java:36)

createMultipleStudents[31] on createMultipleStudents[31](com.studentapp.utils.CreateStudentDataDriven)(com.studentapp.utils.CreateStudentDataDriven)  Time elapsed: 1.536 s  <<< FAILURE!
java.net.ConnectException: Connection refused: connect
	at com.studentapp.utils.CreateStudentDataDriven.createMultipleStudents(CreateStudentDataDriven.java:36)

createMultipleStudents[26] on createMultipleStudents[26](com.studentapp.utils.CreateStudentDataDriven)(com.studentapp.utils.CreateStudentDataDriven)  Time elapsed: 1.536 s  <<< FAILURE!
java.net.ConnectException: Connection refused: connect
	at com.studentapp.utils.CreateStudentDataDriven.createMultipleStudents(CreateStudentDataDriven.java:36)

createMultipleStudents[7] on createMultipleStudents[7](com.studentapp.utils.CreateStudentDataDriven)(com.studentapp.utils.CreateStudentDataDriven)  Time elapsed: 1.536 s  <<< FAILURE!
java.net.ConnectException: Connection refused: connect
	at com.studentapp.utils.CreateStudentDataDriven.createMultipleStudents(CreateStudentDataDriven.java:36)

createMultipleStudents[10] on createMultipleStudents[10](com.studentapp.utils.CreateStudentDataDriven)(com.studentapp.utils.CreateStudentDataDriven)  Time elapsed: 1.536 s  <<< FAILURE!
java.net.ConnectException: Connection refused: connect
	at com.studentapp.utils.CreateStudentDataDriven.createMultipleStudents(CreateStudentDataDriven.java:36)

createMultipleStudents[17] on createMultipleStudents[17](com.studentapp.utils.CreateStudentDataDriven)(com.studentapp.utils.CreateStudentDataDriven)  Time elapsed: 0.604 s  <<< FAILURE!
java.net.ConnectException: Connection refused: connect
	at com.studentapp.utils.CreateStudentDataDriven.createMultipleStudents(CreateStudentDataDriven.java:36)

createMultipleStudents[29] on createMultipleStudents[29](com.studentapp.utils.CreateStudentDataDriven)(com.studentapp.utils.CreateStudentDataDriven)  Time elapsed: 0.024 s  <<< FAILURE!
java.net.ConnectException: Connection refused: connect
	at com.studentapp.utils.CreateStudentDataDriven.createMultipleStudents(CreateStudentDataDriven.java:36)

createMultipleStudents[5] on createMultipleStudents[5](com.studentapp.utils.CreateStudentDataDriven)(com.studentapp.utils.CreateStudentDataDriven)  Time elapsed: 0.826 s  <<< FAILURE!
java.net.ConnectException: Connection refused: connect
	at com.studentapp.utils.CreateStudentDataDriven.createMultipleStudents(CreateStudentDataDriven.java:36)

createMultipleStudents[34] on createMultipleStudents[34](com.studentapp.utils.CreateStudentDataDriven)(com.studentapp.utils.CreateStudentDataDriven)  Time elapsed: 0.826 s  <<< FAILURE!
java.net.ConnectException: Connection refused: connect
	at com.studentapp.utils.CreateStudentDataDriven.createMultipleStudents(CreateStudentDataDriven.java:36)

createMultipleStudents[25] on createMultipleStudents[25](com.studentapp.utils.CreateStudentDataDriven)(com.studentapp.utils.CreateStudentDataDriven)  Time elapsed: 0.621 s  <<< FAILURE!
java.net.ConnectException: Connection refused: connect
	at com.studentapp.utils.CreateStudentDataDriven.createMultipleStudents(CreateStudentDataDriven.java:36)

createMultipleStudents[2] on createMultipleStudents[2](com.studentapp.utils.CreateStudentDataDriven)(com.studentapp.utils.CreateStudentDataDriven)  Time elapsed: 0.933 s  <<< FAILURE!
java.net.ConnectException: Connection refused: connect
	at com.studentapp.utils.CreateStudentDataDriven.createMultipleStudents(CreateStudentDataDriven.java:36)

createMultipleStudents[33] on createMultipleStudents[33](com.studentapp.utils.CreateStudentDataDriven)(com.studentapp.utils.CreateStudentDataDriven)  Time elapsed: 0.933 s  <<< FAILURE!
java.net.ConnectException: Connection refused: connect
	at com.studentapp.utils.CreateStudentDataDriven.createMultipleStudents(CreateStudentDataDriven.java:36)

createMultipleStudents[32] on createMultipleStudents[32](com.studentapp.utils.CreateStudentDataDriven)(com.studentapp.utils.CreateStudentDataDriven)  Time elapsed: 0.933 s  <<< FAILURE!
java.net.ConnectException: Connection refused: connect
	at com.studentapp.utils.CreateStudentDataDriven.createMultipleStudents(CreateStudentDataDriven.java:36)

createMultipleStudents[36] on createMultipleStudents[36](com.studentapp.utils.CreateStudentDataDriven)(com.studentapp.utils.CreateStudentDataDriven)  Time elapsed: 1.361 s  <<< FAILURE!
java.net.ConnectException: Connection refused: connect
	at com.studentapp.utils.CreateStudentDataDriven.createMultipleStudents(CreateStudentDataDriven.java:36)

createMultipleStudents[16] on createMultipleStudents[16](com.studentapp.utils.CreateStudentDataDriven)(com.studentapp.utils.CreateStudentDataDriven)  Time elapsed: 1.362 s  <<< FAILURE!
java.net.ConnectException: Connection refused: connect
	at com.studentapp.utils.CreateStudentDataDriven.createMultipleStudents(CreateStudentDataDriven.java:36)

createMultipleStudents[3] on createMultipleStudents[3](com.studentapp.utils.CreateStudentDataDriven)(com.studentapp.utils.CreateStudentDataDriven)  Time elapsed: 1.193 s  <<< FAILURE!
java.net.ConnectException: Connection refused: connect
	at com.studentapp.utils.CreateStudentDataDriven.createMultipleStudents(CreateStudentDataDriven.java:36)

createMultipleStudents[6] on createMultipleStudents[6](com.studentapp.utils.CreateStudentDataDriven)(com.studentapp.utils.CreateStudentDataDriven)  Time elapsed: 1.201 s  <<< FAILURE!
java.net.ConnectException: Connection refused: connect
	at com.studentapp.utils.CreateStudentDataDriven.createMultipleStudents(CreateStudentDataDriven.java:36)

createMultipleStudents[35] on createMultipleStudents[35](com.studentapp.utils.CreateStudentDataDriven)(com.studentapp.utils.CreateStudentDataDriven)  Time elapsed: 1.201 s  <<< FAILURE!
java.net.ConnectException: Connection refused: connect
	at com.studentapp.utils.CreateStudentDataDriven.createMultipleStudents(CreateStudentDataDriven.java:36)

createMultipleStudents[50] on createMultipleStudents[50](com.studentapp.utils.CreateStudentDataDriven)(com.studentapp.utils.CreateStudentDataDriven)  Time elapsed: 0.616 s  <<< FAILURE!
java.net.ConnectException: Connection refused: connect
	at com.studentapp.utils.CreateStudentDataDriven.createMultipleStudents(CreateStudentDataDriven.java:36)

createMultipleStudents[43] on createMultipleStudents[43](com.studentapp.utils.CreateStudentDataDriven)(com.studentapp.utils.CreateStudentDataDriven)  Time elapsed: 0.616 s  <<< FAILURE!
java.net.ConnectException: Connection refused: connect
	at com.studentapp.utils.CreateStudentDataDriven.createMultipleStudents(CreateStudentDataDriven.java:36)

createMultipleStudents[38] on createMultipleStudents[38](com.studentapp.utils.CreateStudentDataDriven)(com.studentapp.utils.CreateStudentDataDriven)  Time elapsed: 0.616 s  <<< FAILURE!
java.net.ConnectException: Connection refused: connect
	at com.studentapp.utils.CreateStudentDataDriven.createMultipleStudents(CreateStudentDataDriven.java:36)

createMultipleStudents[15] on createMultipleStudents[15](com.studentapp.utils.CreateStudentDataDriven)(com.studentapp.utils.CreateStudentDataDriven)  Time elapsed: 1.685 s  <<< FAILURE!
java.net.ConnectException: Connection refused: connect
	at com.studentapp.utils.CreateStudentDataDriven.createMultipleStudents(CreateStudentDataDriven.java:36)

createMultipleStudents[37] on createMultipleStudents[37](com.studentapp.utils.CreateStudentDataDriven)(com.studentapp.utils.CreateStudentDataDriven)  Time elapsed: 1.685 s  <<< FAILURE!
java.net.ConnectException: Connection refused: connect
	at com.studentapp.utils.CreateStudentDataDriven.createMultipleStudents(CreateStudentDataDriven.java:36)

createMultipleStudents[54] on createMultipleStudents[54](com.studentapp.utils.CreateStudentDataDriven)(com.studentapp.utils.CreateStudentDataDriven)  Time elapsed: 2.245 s  <<< FAILURE!
java.net.ConnectException: Connection refused: connect
	at com.studentapp.utils.CreateStudentDataDriven.createMultipleStudents(CreateStudentDataDriven.java:36)

createMultipleStudents[41] on createMultipleStudents[41](com.studentapp.utils.CreateStudentDataDriven)(com.studentapp.utils.CreateStudentDataDriven)  Time elapsed: 2.251 s  <<< FAILURE!
java.net.ConnectException: Connection refused: connect
	at com.studentapp.utils.CreateStudentDataDriven.createMultipleStudents(CreateStudentDataDriven.java:36)

createMultipleStudents[40] on createMultipleStudents[40](com.studentapp.utils.CreateStudentDataDriven)(com.studentapp.utils.CreateStudentDataDriven)  Time elapsed: 3.317 s  <<< FAILURE!
java.net.ConnectException: Connection refused: connect
	at com.studentapp.utils.CreateStudentDataDriven.createMultipleStudents(CreateStudentDataDriven.java:36)

createMultipleStudents[46] on createMultipleStudents[46](com.studentapp.utils.CreateStudentDataDriven)(com.studentapp.utils.CreateStudentDataDriven)  Time elapsed: 3.925 s  <<< FAILURE!
java.net.ConnectException: Connection refused: connect
	at com.studentapp.utils.CreateStudentDataDriven.createMultipleStudents(CreateStudentDataDriven.java:36)

createMultipleStudents[42] on createMultipleStudents[42](com.studentapp.utils.CreateStudentDataDriven)(com.studentapp.utils.CreateStudentDataDriven)  Time elapsed: 3.925 s  <<< FAILURE!
java.net.ConnectException: Connection refused: connect
	at com.studentapp.utils.CreateStudentDataDriven.createMultipleStudents(CreateStudentDataDriven.java:36)

createMultipleStudents[49] on createMultipleStudents[49](com.studentapp.utils.CreateStudentDataDriven)(com.studentapp.utils.CreateStudentDataDriven)  Time elapsed: 0.494 s  <<< FAILURE!
java.net.ConnectException: Connection refused: connect
	at com.studentapp.utils.CreateStudentDataDriven.createMultipleStudents(CreateStudentDataDriven.java:36)

createMultipleStudents[47] on createMultipleStudents[47](com.studentapp.utils.CreateStudentDataDriven)(com.studentapp.utils.CreateStudentDataDriven)  Time elapsed: 0.596 s  <<< FAILURE!
java.net.ConnectException: Connection refused: connect
	at com.studentapp.utils.CreateStudentDataDriven.createMultipleStudents(CreateStudentDataDriven.java:36)

createMultipleStudents[53] on createMultipleStudents[53](com.studentapp.utils.CreateStudentDataDriven)(com.studentapp.utils.CreateStudentDataDriven)  Time elapsed: 0.005 s  <<< FAILURE!
java.net.ConnectException: Connection refused: connect
	at com.studentapp.utils.CreateStudentDataDriven.createMultipleStudents(CreateStudentDataDriven.java:36)

createMultipleStudents[52] on createMultipleStudents[52](com.studentapp.utils.CreateStudentDataDriven)(com.studentapp.utils.CreateStudentDataDriven)  Time elapsed: 1.248 s  <<< FAILURE!
java.net.ConnectException: Connection refused: connect
	at com.studentapp.utils.CreateStudentDataDriven.createMultipleStudents(CreateStudentDataDriven.java:36)

createMultipleStudents[48] on createMultipleStudents[48](com.studentapp.utils.CreateStudentDataDriven)(com.studentapp.utils.CreateStudentDataDriven)  Time elapsed: 1.248 s  <<< FAILURE!
java.net.ConnectException: Connection refused: connect
	at com.studentapp.utils.CreateStudentDataDriven.createMultipleStudents(CreateStudentDataDriven.java:36)

createMultipleStudents[55] on createMultipleStudents[55](com.studentapp.utils.CreateStudentDataDriven)(com.studentapp.utils.CreateStudentDataDriven)  Time elapsed: 1.935 s  <<< FAILURE!
java.net.ConnectException: Connection refused: connect
	at com.studentapp.utils.CreateStudentDataDriven.createMultipleStudents(CreateStudentDataDriven.java:36)

createMultipleStudents[51] on createMultipleStudents[51](com.studentapp.utils.CreateStudentDataDriven)(com.studentapp.utils.CreateStudentDataDriven)  Time elapsed: 0.555 s  <<< FAILURE!
java.net.ConnectException: Connection refused: connect
	at com.studentapp.utils.CreateStudentDataDriven.createMultipleStudents(CreateStudentDataDriven.java:36)

createMultipleStudents[45] on createMultipleStudents[45](com.studentapp.utils.CreateStudentDataDriven)(com.studentapp.utils.CreateStudentDataDriven)  Time elapsed: 0.707 s  <<< FAILURE!
java.net.ConnectException: Connection refused: connect
	at com.studentapp.utils.CreateStudentDataDriven.createMultipleStudents(CreateStudentDataDriven.java:36)

createMultipleStudents[59] on createMultipleStudents[59](com.studentapp.utils.CreateStudentDataDriven)(com.studentapp.utils.CreateStudentDataDriven)  Time elapsed: 0.902 s  <<< FAILURE!
java.net.ConnectException: Connection refused: connect
	at com.studentapp.utils.CreateStudentDataDriven.createMultipleStudents(CreateStudentDataDriven.java:36)

createMultipleStudents[63] on createMultipleStudents[63](com.studentapp.utils.CreateStudentDataDriven)(com.studentapp.utils.CreateStudentDataDriven)  Time elapsed: 0.906 s  <<< FAILURE!
java.net.ConnectException: Connection refused: connect
	at com.studentapp.utils.CreateStudentDataDriven.createMultipleStudents(CreateStudentDataDriven.java:36)

createMultipleStudents[60] on createMultipleStudents[60](com.studentapp.utils.CreateStudentDataDriven)(com.studentapp.utils.CreateStudentDataDriven)  Time elapsed: 0.183 s  <<< FAILURE!
java.net.ConnectException: Connection refused: connect
	at com.studentapp.utils.CreateStudentDataDriven.createMultipleStudents(CreateStudentDataDriven.java:36)

createMultipleStudents[44] on createMultipleStudents[44](com.studentapp.utils.CreateStudentDataDriven)(com.studentapp.utils.CreateStudentDataDriven)  Time elapsed: 0.183 s  <<< FAILURE!
java.net.ConnectException: Connection refused: connect
	at com.studentapp.utils.CreateStudentDataDriven.createMultipleStudents(CreateStudentDataDriven.java:36)

createMultipleStudents[39] on createMultipleStudents[39](com.studentapp.utils.CreateStudentDataDriven)(com.studentapp.utils.CreateStudentDataDriven)  Time elapsed: 0.183 s  <<< FAILURE!
java.net.ConnectException: Connection refused: connect
	at com.studentapp.utils.CreateStudentDataDriven.createMultipleStudents(CreateStudentDataDriven.java:36)

createMultipleStudents[57] on createMultipleStudents[57](com.studentapp.utils.CreateStudentDataDriven)(com.studentapp.utils.CreateStudentDataDriven)  Time elapsed: 0.235 s  <<< FAILURE!
java.net.ConnectException: Connection refused: connect
	at com.studentapp.utils.CreateStudentDataDriven.createMultipleStudents(CreateStudentDataDriven.java:36)

createMultipleStudents[56] on createMultipleStudents[56](com.studentapp.utils.CreateStudentDataDriven)(com.studentapp.utils.CreateStudentDataDriven)  Time elapsed: 0 s  <<< FAILURE!
java.net.ConnectException: Connection refused: connect
	at com.studentapp.utils.CreateStudentDataDriven.createMultipleStudents(CreateStudentDataDriven.java:36)

createMultipleStudents[61] on createMultipleStudents[61](com.studentapp.utils.CreateStudentDataDriven)(com.studentapp.utils.CreateStudentDataDriven)  Time elapsed: 1.03 s  <<< FAILURE!
java.net.ConnectException: Connection refused: connect
	at com.studentapp.utils.CreateStudentDataDriven.createMultipleStudents(CreateStudentDataDriven.java:36)

createMultipleStudents[58] on createMultipleStudents[58](com.studentapp.utils.CreateStudentDataDriven)(com.studentapp.utils.CreateStudentDataDriven)  Time elapsed: 1.257 s  <<< FAILURE!
java.net.ConnectException: Connection refused: connect
	at com.studentapp.utils.CreateStudentDataDriven.createMultipleStudents(CreateStudentDataDriven.java:36)

createMultipleStudents[62] on createMultipleStudents[62](com.studentapp.utils.CreateStudentDataDriven)(com.studentapp.utils.CreateStudentDataDriven)  Time elapsed: 0.211 s  <<< FAILURE!
java.net.ConnectException: Connection refused: connect
	at com.studentapp.utils.CreateStudentDataDriven.createMultipleStudents(CreateStudentDataDriven.java:36)

createMultipleStudents[67] on createMultipleStudents[67](com.studentapp.utils.CreateStudentDataDriven)(com.studentapp.utils.CreateStudentDataDriven)  Time elapsed: 0.238 s  <<< FAILURE!
java.net.ConnectException: Connection refused: connect
	at com.studentapp.utils.CreateStudentDataDriven.createMultipleStudents(CreateStudentDataDriven.java:36)

createMultipleStudents[65] on createMultipleStudents[65](com.studentapp.utils.CreateStudentDataDriven)(com.studentapp.utils.CreateStudentDataDriven)  Time elapsed: 0.735 s  <<< FAILURE!
java.net.ConnectException: Connection refused: connect
	at com.studentapp.utils.CreateStudentDataDriven.createMultipleStudents(CreateStudentDataDriven.java:36)

createMultipleStudents[68] on createMultipleStudents[68](com.studentapp.utils.CreateStudentDataDriven)(com.studentapp.utils.CreateStudentDataDriven)  Time elapsed: 0.953 s  <<< FAILURE!
java.net.ConnectException: Connection refused: connect
	at com.studentapp.utils.CreateStudentDataDriven.createMultipleStudents(CreateStudentDataDriven.java:36)

createMultipleStudents[69] on createMultipleStudents[69](com.studentapp.utils.CreateStudentDataDriven)(com.studentapp.utils.CreateStudentDataDriven)  Time elapsed: 0.953 s  <<< FAILURE!
java.net.ConnectException: Connection refused: connect
	at com.studentapp.utils.CreateStudentDataDriven.createMultipleStudents(CreateStudentDataDriven.java:36)

createMultipleStudents[66] on createMultipleStudents[66](com.studentapp.utils.CreateStudentDataDriven)(com.studentapp.utils.CreateStudentDataDriven)  Time elapsed: 0.953 s  <<< FAILURE!
java.net.ConnectException: Connection refused: connect
	at com.studentapp.utils.CreateStudentDataDriven.createMultipleStudents(CreateStudentDataDriven.java:36)

createMultipleStudents[70] on createMultipleStudents[70](com.studentapp.utils.CreateStudentDataDriven)(com.studentapp.utils.CreateStudentDataDriven)  Time elapsed: 1.246 s  <<< FAILURE!
java.net.ConnectException: Connection refused: connect
	at com.studentapp.utils.CreateStudentDataDriven.createMultipleStudents(CreateStudentDataDriven.java:36)

createMultipleStudents[71] on createMultipleStudents[71](com.studentapp.utils.CreateStudentDataDriven)(com.studentapp.utils.CreateStudentDataDriven)  Time elapsed: 1.253 s  <<< FAILURE!
java.net.ConnectException: Connection refused: connect
	at com.studentapp.utils.CreateStudentDataDriven.createMultipleStudents(CreateStudentDataDriven.java:36)

createMultipleStudents[64] on createMultipleStudents[64](com.studentapp.utils.CreateStudentDataDriven)(com.studentapp.utils.CreateStudentDataDriven)  Time elapsed: 1.259 s  <<< FAILURE!
java.net.ConnectException: Connection refused: connect
	at com.studentapp.utils.CreateStudentDataDriven.createMultipleStudents(CreateStudentDataDriven.java:36)

createMultipleStudents[78] on createMultipleStudents[78](com.studentapp.utils.CreateStudentDataDriven)(com.studentapp.utils.CreateStudentDataDriven)  Time elapsed: 1.454 s  <<< FAILURE!
java.net.ConnectException: Connection refused: connect
	at com.studentapp.utils.CreateStudentDataDriven.createMultipleStudents(CreateStudentDataDriven.java:36)

createMultipleStudents[73] on createMultipleStudents[73](com.studentapp.utils.CreateStudentDataDriven)(com.studentapp.utils.CreateStudentDataDriven)  Time elapsed: 1.682 s  <<< FAILURE!
java.net.ConnectException: Connection refused: connect
	at com.studentapp.utils.CreateStudentDataDriven.createMultipleStudents(CreateStudentDataDriven.java:36)

createMultipleStudents[74] on createMultipleStudents[74](com.studentapp.utils.CreateStudentDataDriven)(com.studentapp.utils.CreateStudentDataDriven)  Time elapsed: 1.885 s  <<< FAILURE!
java.net.ConnectException: Connection refused: connect
	at com.studentapp.utils.CreateStudentDataDriven.createMultipleStudents(CreateStudentDataDriven.java:36)

createMultipleStudents[75] on createMultipleStudents[75](com.studentapp.utils.CreateStudentDataDriven)(com.studentapp.utils.CreateStudentDataDriven)  Time elapsed: 2.117 s  <<< FAILURE!
java.net.ConnectException: Connection refused: connect
	at com.studentapp.utils.CreateStudentDataDriven.createMultipleStudents(CreateStudentDataDriven.java:36)

createMultipleStudents[76] on createMultipleStudents[76](com.studentapp.utils.CreateStudentDataDriven)(com.studentapp.utils.CreateStudentDataDriven)  Time elapsed: 2.289 s  <<< FAILURE!
java.net.ConnectException: Connection refused: connect
	at com.studentapp.utils.CreateStudentDataDriven.createMultipleStudents(CreateStudentDataDriven.java:36)

createMultipleStudents[72] on createMultipleStudents[72](com.studentapp.utils.CreateStudentDataDriven)(com.studentapp.utils.CreateStudentDataDriven)  Time elapsed: 2.523 s  <<< FAILURE!
java.net.ConnectException: Connection refused: connect
	at com.studentapp.utils.CreateStudentDataDriven.createMultipleStudents(CreateStudentDataDriven.java:36)

createMultipleStudents[77] on createMultipleStudents[77](com.studentapp.utils.CreateStudentDataDriven)(com.studentapp.utils.CreateStudentDataDriven)  Time elapsed: 2.742 s  <<< FAILURE!
java.net.ConnectException: Connection refused: connect
	at com.studentapp.utils.CreateStudentDataDriven.createMultipleStudents(CreateStudentDataDriven.java:36)

createMultipleStudents[84] on createMultipleStudents[84](com.studentapp.utils.CreateStudentDataDriven)(com.studentapp.utils.CreateStudentDataDriven)  Time elapsed: 2.959 s  <<< FAILURE!
java.net.ConnectException: Connection refused: connect
	at com.studentapp.utils.CreateStudentDataDriven.createMultipleStudents(CreateStudentDataDriven.java:36)

createMultipleStudents[81] on createMultipleStudents[81](com.studentapp.utils.CreateStudentDataDriven)(com.studentapp.utils.CreateStudentDataDriven)  Time elapsed: 3.175 s  <<< FAILURE!
java.net.ConnectException: Connection refused: connect
	at com.studentapp.utils.CreateStudentDataDriven.createMultipleStudents(CreateStudentDataDriven.java:36)

createMultipleStudents[80] on createMultipleStudents[80](com.studentapp.utils.CreateStudentDataDriven)(com.studentapp.utils.CreateStudentDataDriven)  Time elapsed: 3.405 s  <<< FAILURE!
java.net.ConnectException: Connection refused: connect
	at com.studentapp.utils.CreateStudentDataDriven.createMultipleStudents(CreateStudentDataDriven.java:36)

createMultipleStudents[79] on createMultipleStudents[79](com.studentapp.utils.CreateStudentDataDriven)(com.studentapp.utils.CreateStudentDataDriven)  Time elapsed: 3.614 s  <<< FAILURE!
java.net.ConnectException: Connection refused: connect
	at com.studentapp.utils.CreateStudentDataDriven.createMultipleStudents(CreateStudentDataDriven.java:36)

createMultipleStudents[89] on createMultipleStudents[89](com.studentapp.utils.CreateStudentDataDriven)(com.studentapp.utils.CreateStudentDataDriven)  Time elapsed: 3.863 s  <<< FAILURE!
java.net.ConnectException: Connection refused: connect
	at com.studentapp.utils.CreateStudentDataDriven.createMultipleStudents(CreateStudentDataDriven.java:36)

createMultipleStudents[83] on createMultipleStudents[83](com.studentapp.utils.CreateStudentDataDriven)(com.studentapp.utils.CreateStudentDataDriven)  Time elapsed: 4.034 s  <<< FAILURE!
java.net.ConnectException: Connection refused: connect
	at com.studentapp.utils.CreateStudentDataDriven.createMultipleStudents(CreateStudentDataDriven.java:36)

createMultipleStudents[82] on createMultipleStudents[82](com.studentapp.utils.CreateStudentDataDriven)(com.studentapp.utils.CreateStudentDataDriven)  Time elapsed: 4.271 s  <<< FAILURE!
java.net.ConnectException: Connection refused: connect
	at com.studentapp.utils.CreateStudentDataDriven.createMultipleStudents(CreateStudentDataDriven.java:36)

createMultipleStudents[88] on createMultipleStudents[88](com.studentapp.utils.CreateStudentDataDriven)(com.studentapp.utils.CreateStudentDataDriven)  Time elapsed: 4.476 s  <<< FAILURE!
java.net.ConnectException: Connection refused: connect
	at com.studentapp.utils.CreateStudentDataDriven.createMultipleStudents(CreateStudentDataDriven.java:36)

createMultipleStudents[87] on createMultipleStudents[87](com.studentapp.utils.CreateStudentDataDriven)(com.studentapp.utils.CreateStudentDataDriven)  Time elapsed: 4.778 s  <<< FAILURE!
java.net.ConnectException: Connection refused: connect
	at com.studentapp.utils.CreateStudentDataDriven.createMultipleStudents(CreateStudentDataDriven.java:36)

createMultipleStudents[86] on createMultipleStudents[86](com.studentapp.utils.CreateStudentDataDriven)(com.studentapp.utils.CreateStudentDataDriven)  Time elapsed: 4.991 s  <<< FAILURE!
java.net.ConnectException: Connection refused: connect
	at com.studentapp.utils.CreateStudentDataDriven.createMultipleStudents(CreateStudentDataDriven.java:36)

createMultipleStudents[85] on createMultipleStudents[85](com.studentapp.utils.CreateStudentDataDriven)(com.studentapp.utils.CreateStudentDataDriven)  Time elapsed: 5.282 s  <<< FAILURE!
java.net.ConnectException: Connection refused: connect
	at com.studentapp.utils.CreateStudentDataDriven.createMultipleStudents(CreateStudentDataDriven.java:36)

