-------------------------------------------------------------------------------
Test set: com.studentapp.junit.FirstSerenityTest
-------------------------------------------------------------------------------
Tests run: 5, Failures: 1, Errors: 0, Skipped: 3, Time elapsed: 25.12 s <<< FAILURE! - in com.studentapp.junit.FirstSerenityTest
getAllStudents on getAllStudents(com.studentapp.junit.FirstSerenityTest)(com.studentapp.junit.FirstSerenityTest)  Time elapsed: 10.299 s  <<< FAILURE!
java.lang.NullPointerException
	at com.studentapp.junit.FirstSerenityTest.getAllStudents(FirstSerenityTest.java:33)

